[17-Jul-2022 07:03:03 UTC] Enabled PHP logging
[17-Jul-2022 07:03:03 UTC] Enabled PHP logging
[17-Jul-2022 07:03:03 UTC] Enabled PHP logging
Logger:         	MadelineProto
Logger:         	Copyright (C) 2016-2022 Daniil Gentili
Logger:         	Licensed under AGPLv3
Logger:         	https://github.com/danog/MadelineProto
Serialization:  	MadelineProto is starting, please wait...
Serialization:  	Connected to IPC socket!
API:            	Restarting to full instance...
API:            	Restarting to full instance: the bot is already running!
API:            	Shutting down MadelineProto (danog\MadelineProto\API)
API:            	Prompting final serialization...
API:            	Done final serialization!
[17-Jul-2022 07:03:04 UTC] Enabled PHP logging
[17-Jul-2022 07:03:04 UTC] Enabled PHP logging
[17-Jul-2022 07:03:04 UTC] Enabled PHP logging
Logger:         	MadelineProto
Logger:         	Copyright (C) 2016-2022 Daniil Gentili
Logger:         	Licensed under AGPLv3
Logger:         	https://github.com/danog/MadelineProto
Serialization:  	MadelineProto is starting, please wait...
Serialization:  	Connected to IPC socket!
API:            	Restarting to full instance...
API:            	Restarting to full instance: the bot is already running!
API:            	Shutting down MadelineProto (danog\MadelineProto\API)
API:            	Prompting final serialization...
API:            	Done final serialization!
[17-Jul-2022 07:04:02 UTC] Enabled PHP logging
[17-Jul-2022 07:04:03 UTC] Enabled PHP logging
[17-Jul-2022 07:04:03 UTC] Enabled PHP logging
Logger:         	MadelineProto
Logger:         	Copyright (C) 2016-2022 Daniil Gentili
Logger:         	Licensed under AGPLv3
Logger:         	https://github.com/danog/MadelineProto
Serialization:  	MadelineProto is starting, please wait...
Serialization:  	Connected to IPC socket!
API:            	Restarting to full instance...
API:            	Restarting to full instance: the bot is already running!
API:            	Shutting down MadelineProto (danog\MadelineProto\API)
API:            	Prompting final serialization...
API:            	Done final serialization!
[17-Jul-2022 07:04:04 UTC] Enabled PHP logging
[17-Jul-2022 07:04:05 UTC] Enabled PHP logging
[17-Jul-2022 07:04:05 UTC] Enabled PHP logging
Logger:         	MadelineProto
Logger:         	Copyright (C) 2016-2022 Daniil Gentili
Logger:         	Licensed under AGPLv3
Logger:         	https://github.com/danog/MadelineProto
Serialization:  	MadelineProto is starting, please wait...
Serialization:  	Connected to IPC socket!
API:            	Restarting to full instance...
API:            	Restarting to full instance: the bot is already running!
API:            	Shutting down MadelineProto (danog\MadelineProto\API)
API:            	Prompting final serialization...
API:            	Done final serialization!
[17-Jul-2022 07:05:04 UTC] Enabled PHP logging
[17-Jul-2022 07:05:04 UTC] Enabled PHP logging
[17-Jul-2022 07:05:04 UTC] Enabled PHP logging
Logger:         	MadelineProto
Logger:         	Copyright (C) 2016-2022 Daniil Gentili
Logger:         	Licensed under AGPLv3
Logger:         	https://github.com/danog/MadelineProto
Serialization:  	MadelineProto is starting, please wait...
Serialization:  	Connected to IPC socket!
API:            	Restarting to full instance...
API:            	Restarting to full instance: the bot is already running!
API:            	Shutting down MadelineProto (danog\MadelineProto\API)
API:            	Prompting final serialization...
API:            	Done final serialization!
[17-Jul-2022 07:05:05 UTC] Enabled PHP logging
[17-Jul-2022 07:05:05 UTC] Enabled PHP logging
[17-Jul-2022 07:05:05 UTC] Enabled PHP logging
Logger:         	MadelineProto
Logger:         	Copyright (C) 2016-2022 Daniil Gentili
Logger:         	Licensed under AGPLv3
Logger:         	https://github.com/danog/MadelineProto
Serialization:  	MadelineProto is starting, please wait...
Serialization:  	Connected to IPC socket!
API:            	Restarting to full instance...
API:            	Restarting to full instance: the bot is already running!
API:            	Shutting down MadelineProto (danog\MadelineProto\API)
API:            	Prompting final serialization...
API:            	Done final serialization!
[17-Jul-2022 07:06:04 UTC] Enabled PHP logging
[17-Jul-2022 07:06:04 UTC] Enabled PHP logging
[17-Jul-2022 07:06:04 UTC] Enabled PHP logging
Logger:         	MadelineProto
Logger:         	Copyright (C) 2016-2022 Daniil Gentili
Logger:         	Licensed under AGPLv3
Logger:         	https://github.com/danog/MadelineProto
Serialization:  	MadelineProto is starting, please wait...
Serialization:  	Connected to IPC socket!
API:            	Restarting to full instance...
API:            	Restarting to full instance: the bot is already running!
API:            	Shutting down MadelineProto (danog\MadelineProto\API)
API:            	Prompting final serialization...
API:            	Done final serialization!
[17-Jul-2022 07:06:04 UTC] Enabled PHP logging
[17-Jul-2022 07:06:04 UTC] Enabled PHP logging
[17-Jul-2022 07:06:04 UTC] Enabled PHP logging
Logger:         	MadelineProto
Logger:         	Copyright (C) 2016-2022 Daniil Gentili
Logger:         	Licensed under AGPLv3
Logger:         	https://github.com/danog/MadelineProto
Serialization:  	MadelineProto is starting, please wait...
Serialization:  	Connected to IPC socket!
API:            	Restarting to full instance...
API:            	Restarting to full instance: the bot is already running!
API:            	Shutting down MadelineProto (danog\MadelineProto\API)
API:            	Prompting final serialization...
API:            	Done final serialization!
[17-Jul-2022 07:07:02 UTC] Enabled PHP logging
[17-Jul-2022 07:07:02 UTC] Enabled PHP logging
[17-Jul-2022 07:07:02 UTC] Enabled PHP logging
Logger:         	MadelineProto
Logger:         	Copyright (C) 2016-2022 Daniil Gentili
Logger:         	Licensed under AGPLv3
Logger:         	https://github.com/danog/MadelineProto
Serialization:  	MadelineProto is starting, please wait...
Serialization:  	Connected to IPC socket!
API:            	Restarting to full instance...
API:            	Restarting to full instance: the bot is already running!
API:            	Shutting down MadelineProto (danog\MadelineProto\API)
API:            	Prompting final serialization...
API:            	Done final serialization!
[17-Jul-2022 07:07:04 UTC] Enabled PHP logging
[17-Jul-2022 07:07:05 UTC] Enabled PHP logging
[17-Jul-2022 07:07:05 UTC] Enabled PHP logging
Logger:         	MadelineProto
Logger:         	Copyright (C) 2016-2022 Daniil Gentili
Logger:         	Licensed under AGPLv3
Logger:         	https://github.com/danog/MadelineProto
Serialization:  	MadelineProto is starting, please wait...
Serialization:  	Connected to IPC socket!
API:            	Restarting to full instance...
API:            	Restarting to full instance: the bot is already running!
API:            	Shutting down MadelineProto (danog\MadelineProto\API)
API:            	Prompting final serialization...
API:            	Done final serialization!
[17-Jul-2022 07:08:05 UTC] Enabled PHP logging
[17-Jul-2022 07:08:05 UTC] Enabled PHP logging
[17-Jul-2022 07:08:05 UTC] Enabled PHP logging
Logger:         	MadelineProto
Logger:         	Copyright (C) 2016-2022 Daniil Gentili
Logger:         	Licensed under AGPLv3
Logger:         	https://github.com/danog/MadelineProto
Serialization:  	MadelineProto is starting, please wait...
Serialization:  	Connected to IPC socket!
[17-Jul-2022 07:08:06 UTC] Enabled PHP logging
[17-Jul-2022 07:08:07 UTC] Enabled PHP logging
[17-Jul-2022 07:08:07 UTC] Enabled PHP logging
Logger:         	MadelineProto
Logger:         	Copyright (C) 2016-2022 Daniil Gentili
Logger:         	Licensed under AGPLv3
Logger:         	https://github.com/danog/MadelineProto
Serialization:  	MadelineProto is starting, please wait...
Serialization:  	Connected to IPC socket!
API:            	Restarting to full instance...
API:            	Restarting to full instance: the bot is already running!
API:            	Shutting down MadelineProto (danog\MadelineProto\API)
API:            	Restarting to full instance...
API:            	Prompting final serialization...
API:            	Done final serialization!
API:            	Restarting to full instance: the bot is already running!
API:            	Shutting down MadelineProto (danog\MadelineProto\API)
API:            	Prompting final serialization...
API:            	Done final serialization!
[17-Jul-2022 07:09:02 UTC] Enabled PHP logging
[17-Jul-2022 07:09:03 UTC] Enabled PHP logging
[17-Jul-2022 07:09:03 UTC] Enabled PHP logging
[17-Jul-2022 07:09:03 UTC] Enabled PHP logging
Logger:         	MadelineProto
Logger:         	Copyright (C) 2016-2022 Daniil Gentili
Logger:         	Licensed under AGPLv3
Logger:         	https://github.com/danog/MadelineProto
Serialization:  	MadelineProto is starting, please wait...
Serialization:  	Connected to IPC socket!
API:            	Restarting to full instance...
API:            	Restarting to full instance: the bot is already running!
API:            	Shutting down MadelineProto (danog\MadelineProto\API)
API:            	Prompting final serialization...
API:            	Done final serialization!
[17-Jul-2022 07:09:03 UTC] Enabled PHP logging
[17-Jul-2022 07:09:03 UTC] Enabled PHP logging
Logger:         	MadelineProto
Logger:         	Copyright (C) 2016-2022 Daniil Gentili
Logger:         	Licensed under AGPLv3
Logger:         	https://github.com/danog/MadelineProto
Serialization:  	MadelineProto is starting, please wait...
Serialization:  	Connected to IPC socket!
API:            	Restarting to full instance...
API:            	Restarting to full instance: the bot is already running!
API:            	Shutting down MadelineProto (danog\MadelineProto\API)
API:            	Prompting final serialization...
API:            	Done final serialization!
[17-Jul-2022 07:10:14 UTC] Enabled PHP logging
[17-Jul-2022 07:10:14 UTC] Enabled PHP logging
[17-Jul-2022 07:10:15 UTC] Enabled PHP logging
[17-Jul-2022 07:10:15 UTC] Enabled PHP logging
Logger:         	MadelineProto
Logger:         	Copyright (C) 2016-2022 Daniil Gentili
Logger:         	Licensed under AGPLv3
Logger:         	https://github.com/danog/MadelineProto
Serialization:  	MadelineProto is starting, please wait...
[17-Jul-2022 07:10:15 UTC] Enabled PHP logging
Serialization:  	Connected to IPC socket!
[17-Jul-2022 07:10:15 UTC] Enabled PHP logging
Logger:         	MadelineProto
Logger:         	Copyright (C) 2016-2022 Daniil Gentili
Logger:         	Licensed under AGPLv3
Logger:         	https://github.com/danog/MadelineProto
Serialization:  	MadelineProto is starting, please wait...
Serialization:  	Connected to IPC socket!
API:            	Restarting to full instance...
API:            	Restarting to full instance: the bot is already running!
API:            	Shutting down MadelineProto (danog\MadelineProto\API)
API:            	Prompting final serialization...
API:            	Done final serialization!
API:            	Restarting to full instance...
API:            	Restarting to full instance: the bot is already running!
API:            	Shutting down MadelineProto (danog\MadelineProto\API)
API:            	Prompting final serialization...
API:            	Done final serialization!
[17-Jul-2022 07:11:02 UTC] Enabled PHP logging
[17-Jul-2022 07:11:03 UTC] Enabled PHP logging
[17-Jul-2022 07:11:03 UTC] Enabled PHP logging
Logger:         	MadelineProto
Logger:         	Copyright (C) 2016-2022 Daniil Gentili
Logger:         	Licensed under AGPLv3
Logger:         	https://github.com/danog/MadelineProto
Serialization:  	MadelineProto is starting, please wait...
Serialization:  	Connected to IPC socket!
API:            	Restarting to full instance...
API:            	Restarting to full instance: the bot is already running!
API:            	Shutting down MadelineProto (danog\MadelineProto\API)
API:            	Prompting final serialization...
API:            	Done final serialization!
[17-Jul-2022 07:11:04 UTC] Enabled PHP logging
[17-Jul-2022 07:11:04 UTC] Enabled PHP logging
[17-Jul-2022 07:11:04 UTC] Enabled PHP logging
Logger:         	MadelineProto
Logger:         	Copyright (C) 2016-2022 Daniil Gentili
Logger:         	Licensed under AGPLv3
Logger:         	https://github.com/danog/MadelineProto
Serialization:  	MadelineProto is starting, please wait...
Serialization:  	Connected to IPC socket!
API:            	Restarting to full instance...
API:            	Restarting to full instance: the bot is already running!
API:            	Shutting down MadelineProto (danog\MadelineProto\API)
API:            	Prompting final serialization...
API:            	Done final serialization!
[17-Jul-2022 07:12:04 UTC] Enabled PHP logging
[17-Jul-2022 07:12:04 UTC] Enabled PHP logging
[17-Jul-2022 07:12:04 UTC] Enabled PHP logging
Logger:         	MadelineProto
Logger:         	Copyright (C) 2016-2022 Daniil Gentili
Logger:         	Licensed under AGPLv3
Logger:         	https://github.com/danog/MadelineProto
Serialization:  	MadelineProto is starting, please wait...
Serialization:  	Connected to IPC socket!
API:            	Restarting to full instance...
API:            	Restarting to full instance: the bot is already running!
API:            	Shutting down MadelineProto (danog\MadelineProto\API)
API:            	Prompting final serialization...
API:            	Done final serialization!
[17-Jul-2022 07:12:04 UTC] Enabled PHP logging
[17-Jul-2022 07:12:05 UTC] Enabled PHP logging
[17-Jul-2022 07:12:05 UTC] Enabled PHP logging
Logger:         	MadelineProto
Logger:         	Copyright (C) 2016-2022 Daniil Gentili
Logger:         	Licensed under AGPLv3
Logger:         	https://github.com/danog/MadelineProto
Serialization:  	MadelineProto is starting, please wait...
Serialization:  	Connected to IPC socket!
API:            	Restarting to full instance...
API:            	Restarting to full instance: the bot is already running!
API:            	Shutting down MadelineProto (danog\MadelineProto\API)
API:            	Prompting final serialization...
API:            	Done final serialization!
[17-Jul-2022 07:13:02 UTC] Enabled PHP logging
[17-Jul-2022 07:13:03 UTC] Enabled PHP logging
[17-Jul-2022 07:13:03 UTC] Enabled PHP logging
Logger:         	MadelineProto
Logger:         	Copyright (C) 2016-2022 Daniil Gentili
Logger:         	Licensed under AGPLv3
Logger:         	https://github.com/danog/MadelineProto
Serialization:  	MadelineProto is starting, please wait...
Serialization:  	Connected to IPC socket!
API:            	Restarting to full instance...
API:            	Restarting to full instance: the bot is already running!
API:            	Shutting down MadelineProto (danog\MadelineProto\API)
API:            	Prompting final serialization...
API:            	Done final serialization!
[17-Jul-2022 07:13:03 UTC] Enabled PHP logging
[17-Jul-2022 07:13:04 UTC] Enabled PHP logging
[17-Jul-2022 07:13:04 UTC] Enabled PHP logging
Logger:         	MadelineProto
Logger:         	Copyright (C) 2016-2022 Daniil Gentili
Logger:         	Licensed under AGPLv3
Logger:         	https://github.com/danog/MadelineProto
Serialization:  	MadelineProto is starting, please wait...
Serialization:  	Connected to IPC socket!
API:            	Restarting to full instance...
API:            	Restarting to full instance: the bot is already running!
API:            	Shutting down MadelineProto (danog\MadelineProto\API)
API:            	Prompting final serialization...
API:            	Done final serialization!
[17-Jul-2022 07:14:03 UTC] Enabled PHP logging
[17-Jul-2022 07:14:04 UTC] Enabled PHP logging
[17-Jul-2022 07:14:04 UTC] Enabled PHP logging
Logger:         	MadelineProto
Logger:         	Copyright (C) 2016-2022 Daniil Gentili
Logger:         	Licensed under AGPLv3
Logger:         	https://github.com/danog/MadelineProto
Serialization:  	MadelineProto is starting, please wait...
Serialization:  	Connected to IPC socket!
API:            	Restarting to full instance...
API:            	Restarting to full instance: the bot is already running!
API:            	Shutting down MadelineProto (danog\MadelineProto\API)
API:            	Prompting final serialization...
API:            	Done final serialization!
[17-Jul-2022 07:14:04 UTC] Enabled PHP logging
[17-Jul-2022 07:14:04 UTC] Enabled PHP logging
[17-Jul-2022 07:14:04 UTC] Enabled PHP logging
Logger:         	MadelineProto
Logger:         	Copyright (C) 2016-2022 Daniil Gentili
Logger:         	Licensed under AGPLv3
Logger:         	https://github.com/danog/MadelineProto
Serialization:  	MadelineProto is starting, please wait...
Serialization:  	Connected to IPC socket!
API:            	Restarting to full instance...
API:            	Restarting to full instance: the bot is already running!
API:            	Shutting down MadelineProto (danog\MadelineProto\API)
API:            	Prompting final serialization...
API:            	Done final serialization!
[17-Jul-2022 07:15:05 UTC] Enabled PHP logging
[17-Jul-2022 07:15:06 UTC] Enabled PHP logging
[17-Jul-2022 07:15:06 UTC] Enabled PHP logging
Logger:         	MadelineProto
Logger:         	Copyright (C) 2016-2022 Daniil Gentili
Logger:         	Licensed under AGPLv3
Logger:         	https://github.com/danog/MadelineProto
Serialization:  	MadelineProto is starting, please wait...
Serialization:  	Connected to IPC socket!
API:            	Restarting to full instance...
API:            	Restarting to full instance: the bot is already running!
API:            	Shutting down MadelineProto (danog\MadelineProto\API)
API:            	Prompting final serialization...
API:            	Done final serialization!
[17-Jul-2022 07:15:06 UTC] Enabled PHP logging
[17-Jul-2022 07:15:06 UTC] Enabled PHP logging
[17-Jul-2022 07:15:06 UTC] Enabled PHP logging
Logger:         	MadelineProto
Logger:         	Copyright (C) 2016-2022 Daniil Gentili
Logger:         	Licensed under AGPLv3
Logger:         	https://github.com/danog/MadelineProto
Serialization:  	MadelineProto is starting, please wait...
Serialization:  	Connected to IPC socket!
API:            	Restarting to full instance...
API:            	Restarting to full instance: the bot is already running!
API:            	Shutting down MadelineProto (danog\MadelineProto\API)
API:            	Prompting final serialization...
API:            	Done final serialization!
[17-Jul-2022 07:16:04 UTC] Enabled PHP logging
[17-Jul-2022 07:16:04 UTC] Enabled PHP logging
[17-Jul-2022 07:16:04 UTC] Enabled PHP logging
Logger:         	MadelineProto
Logger:         	Copyright (C) 2016-2022 Daniil Gentili
Logger:         	Licensed under AGPLv3
Logger:         	https://github.com/danog/MadelineProto
Serialization:  	MadelineProto is starting, please wait...
Serialization:  	Connected to IPC socket!
API:            	Restarting to full instance...
API:            	Restarting to full instance: the bot is already running!
API:            	Shutting down MadelineProto (danog\MadelineProto\API)
API:            	Prompting final serialization...
API:            	Done final serialization!
[17-Jul-2022 07:16:04 UTC] Enabled PHP logging
[17-Jul-2022 07:16:05 UTC] Enabled PHP logging
[17-Jul-2022 07:16:05 UTC] Enabled PHP logging
Logger:         	MadelineProto
Logger:         	Copyright (C) 2016-2022 Daniil Gentili
Logger:         	Licensed under AGPLv3
Logger:         	https://github.com/danog/MadelineProto
Serialization:  	MadelineProto is starting, please wait...
Serialization:  	Connected to IPC socket!
API:            	Restarting to full instance...
API:            	Restarting to full instance: the bot is already running!
API:            	Shutting down MadelineProto (danog\MadelineProto\API)
API:            	Prompting final serialization...
API:            	Done final serialization!
[17-Jul-2022 07:17:02 UTC] Enabled PHP logging
[17-Jul-2022 07:17:03 UTC] Enabled PHP logging
[17-Jul-2022 07:17:03 UTC] Enabled PHP logging
[17-Jul-2022 07:17:03 UTC] Enabled PHP logging
Logger:         	MadelineProto
Logger:         	Copyright (C) 2016-2022 Daniil Gentili
Logger:         	Licensed under AGPLv3
Logger:         	https://github.com/danog/MadelineProto
Serialization:  	MadelineProto is starting, please wait...
Serialization:  	Connected to IPC socket!
API:            	Restarting to full instance...
API:            	Restarting to full instance: the bot is already running!
API:            	Shutting down MadelineProto (danog\MadelineProto\API)
API:            	Prompting final serialization...
API:            	Done final serialization!
[17-Jul-2022 07:17:03 UTC] Enabled PHP logging
[17-Jul-2022 07:17:03 UTC] Enabled PHP logging
Logger:         	MadelineProto
Logger:         	Copyright (C) 2016-2022 Daniil Gentili
Logger:         	Licensed under AGPLv3
Logger:         	https://github.com/danog/MadelineProto
Serialization:  	MadelineProto is starting, please wait...
Serialization:  	Connected to IPC socket!
API:            	Restarting to full instance...
API:            	Restarting to full instance: the bot is already running!
API:            	Shutting down MadelineProto (danog\MadelineProto\API)
API:            	Prompting final serialization...
API:            	Done final serialization!
[17-Jul-2022 07:18:04 UTC] Enabled PHP logging
[17-Jul-2022 07:18:04 UTC] Enabled PHP logging
[17-Jul-2022 07:18:04 UTC] Enabled PHP logging
[17-Jul-2022 07:18:04 UTC] Enabled PHP logging
Logger:         	MadelineProto
Logger:         	Copyright (C) 2016-2022 Daniil Gentili
Logger:         	Licensed under AGPLv3
Logger:         	https://github.com/danog/MadelineProto
Serialization:  	MadelineProto is starting, please wait...
Serialization:  	Connected to IPC socket!
API:            	Restarting to full instance...
API:            	Restarting to full instance: the bot is already running!
API:            	Shutting down MadelineProto (danog\MadelineProto\API)
API:            	Prompting final serialization...
API:            	Done final serialization!
[17-Jul-2022 07:18:05 UTC] Enabled PHP logging
[17-Jul-2022 07:18:05 UTC] Enabled PHP logging
Logger:         	MadelineProto
Logger:         	Copyright (C) 2016-2022 Daniil Gentili
Logger:         	Licensed under AGPLv3
Logger:         	https://github.com/danog/MadelineProto
Serialization:  	MadelineProto is starting, please wait...
Serialization:  	Connected to IPC socket!
API:            	Restarting to full instance...
API:            	Restarting to full instance: the bot is already running!
API:            	Shutting down MadelineProto (danog\MadelineProto\API)
API:            	Prompting final serialization...
API:            	Done final serialization!
[17-Jul-2022 07:19:02 UTC] Enabled PHP logging
[17-Jul-2022 07:19:02 UTC] Enabled PHP logging
[17-Jul-2022 07:19:02 UTC] Enabled PHP logging
Logger:         	MadelineProto
Logger:         	Copyright (C) 2016-2022 Daniil Gentili
Logger:         	Licensed under AGPLv3
Logger:         	https://github.com/danog/MadelineProto
Serialization:  	MadelineProto is starting, please wait...
Serialization:  	Connected to IPC socket!
API:            	Restarting to full instance...
API:            	Restarting to full instance: the bot is already running!
API:            	Shutting down MadelineProto (danog\MadelineProto\API)
API:            	Prompting final serialization...
API:            	Done final serialization!
[17-Jul-2022 07:19:03 UTC] Enabled PHP logging
[17-Jul-2022 07:19:04 UTC] Enabled PHP logging
[17-Jul-2022 07:19:04 UTC] Enabled PHP logging
Logger:         	MadelineProto
Logger:         	Copyright (C) 2016-2022 Daniil Gentili
Logger:         	Licensed under AGPLv3
Logger:         	https://github.com/danog/MadelineProto
Serialization:  	MadelineProto is starting, please wait...
Serialization:  	Connected to IPC socket!
API:            	Restarting to full instance...
API:            	Restarting to full instance: the bot is already running!
API:            	Shutting down MadelineProto (danog\MadelineProto\API)
API:            	Prompting final serialization...
API:            	Done final serialization!
[17-Jul-2022 07:20:16 UTC] Enabled PHP logging
[17-Jul-2022 07:20:17 UTC] Enabled PHP logging
[17-Jul-2022 07:20:17 UTC] Enabled PHP logging
[17-Jul-2022 07:20:17 UTC] Enabled PHP logging
Logger:         	MadelineProto
Logger:         	Copyright (C) 2016-2022 Daniil Gentili
Logger:         	Licensed under AGPLv3
Logger:         	https://github.com/danog/MadelineProto
Serialization:  	MadelineProto is starting, please wait...
Serialization:  	Connected to IPC socket!
API:            	Restarting to full instance...
API:            	Restarting to full instance: the bot is already running!
API:            	Shutting down MadelineProto (danog\MadelineProto\API)
API:            	Prompting final serialization...
API:            	Done final serialization!
[17-Jul-2022 07:20:17 UTC] Enabled PHP logging
[17-Jul-2022 07:20:17 UTC] Enabled PHP logging
Logger:         	MadelineProto
Logger:         	Copyright (C) 2016-2022 Daniil Gentili
Logger:         	Licensed under AGPLv3
Logger:         	https://github.com/danog/MadelineProto
Serialization:  	MadelineProto is starting, please wait...
Serialization:  	Connected to IPC socket!
API:            	Restarting to full instance...
API:            	Restarting to full instance: the bot is already running!
API:            	Shutting down MadelineProto (danog\MadelineProto\API)
API:            	Prompting final serialization...
API:            	Done final serialization!
